[2024-05-03 22:09:18,128][scripts.utils][INFO] - Call get statistics method
[2024-05-03 22:09:18,128][scripts.utils][INFO] - Read data from path: /data/vdimitrov/transformer/data/history_2024-04-15_2024-04-22.csv
[2024-05-03 22:09:26,103][scripts.utils][INFO] - Margin: 2024-04-21
[2024-05-03 22:09:26,103][scripts.utils][INFO] - Border datetime 2024-04-19 00:00:00
[2024-05-03 22:12:16,775][scripts.utils][INFO] - Number in observation with watch time greater than 0: 166626235
[2024-05-03 22:14:35,688][scripts.utils][INFO] - Number unique users: 66392565
[2024-05-03 22:14:35,852][scripts.utils][INFO] - Users with 5 or more interactions 5282648
[2024-05-03 22:15:19,305][scripts.utils][INFO] - Number on observation in train with users did 5 or more interactions 88951452
[2024-05-03 22:17:43,826][scripts.utils][INFO] - Train len: 44374744
[2024-05-03 22:18:03,824][scripts.utils][INFO] - Val history: 50787787
[2024-05-03 22:18:22,930][scripts.utils][INFO] - Val labels: 3624237
[2024-05-03 22:18:46,388][scripts.utils][INFO] - Number users in train 4432711
[2024-05-03 22:18:46,433][scripts.utils][INFO] - Number users in train after filter (min_sequence_len: 3): 3549860
[2024-05-03 22:18:56,195][scripts.utils][INFO] - Number of items: 1796966
[2024-05-03 22:18:56,387][scripts.utils][INFO] - Number of items after filtering (min items count: 3): 1796966
[2024-05-03 22:19:41,391][scripts.utils][INFO] - Save train data
[2024-05-03 22:19:47,746][scripts.utils][INFO] - Save val data
[2024-05-03 22:20:26,165][scripts.utils][INFO] - All time for preprocessing: 660.06
[2024-05-03 22:20:35,627][scripts.utils][INFO] - Len item2id 416125
[2024-05-03 22:20:35,627][scripts.utils][INFO] - Len train dataloader 27507
[2024-05-03 22:20:35,644][scripts.utils][INFO] - init weights for model
[2024-05-03 22:20:35,644][scripts.utils][INFO] - (tensor([     2, 275605, 285726, 275605], dtype=torch.int32), 'df16625d-0904-ffa1-0cd4-0bb36d5d992b')
[2024-05-03 22:20:38,900][scripts.utils][INFO] - SETUP DATA
